2022-08-19 01:10:20,417: 'm':
2022-08-19 01:10:20,460: 'a':
2022-08-19 01:10:20,573: 'r':
2022-08-19 01:10:20,823: 'c':
2022-08-19 01:10:20,909: 'i':
2022-08-19 01:10:21,109: 'n':
2022-08-19 01:10:21,255: 'a':
2022-08-19 01:10:21,438: 't':
2022-08-19 01:10:21,564: 'o':
2022-08-19 01:10:21,735: 'r':
2022-08-19 01:10:22,952: Key.ctrl:
2022-08-19 01:10:23,017: 'c':
2022-08-19 01:10:59,846 - 'm'
2022-08-19 01:10:59,925 - 'a'
2022-08-19 01:11:00,021 - 'r'
2022-08-19 01:11:00,260 - 'c'
2022-08-19 01:11:00,394 - 'i'
2022-08-19 01:11:00,609 - 'n'
2022-08-19 01:11:00,732 - 'a'
2022-08-19 01:11:00,904 - 't'
2022-08-19 01:11:01,006 - 'o'
2022-08-19 01:11:01,165 - 'r'
2022-08-19 01:11:01,985 - '1'
2022-08-19 01:11:02,024 - '2'
2022-08-19 01:11:02,088 - '3'
2022-08-19 01:11:02,759 - '4'
2022-08-19 01:11:02,839 - '5'
2022-08-19 01:11:02,881 - '6'
2022-08-19 01:11:03,886 - Key.ctrl
2022-08-19 01:11:03,958 - 'c'
